<?xml version="1.0" encoding="UTF-8"?>
<!-- Generated by org.testng.reporters.JUnitReportReporter -->
<testsuite hostname="Divakarjoshi" name="autothon.webui.tests.DriverSuite" tests="1" failures="0" timestamp="27 Sep 2019 10:29:01 GMT" time="16.316" errors="0">
  <testcase name="FirstTest" time="16.316" classname="autothon.webui.tests.DriverSuite"/>
</testsuite> <!-- autothon.webui.tests.DriverSuite -->
