<?xml version="1.0" encoding="UTF-8"?>
<!-- Generated by org.testng.reporters.JUnitReportReporter -->
<testsuite hostname="Divakarjoshi" name="autothon.webui.tests.DriverSuite" tests="1" failures="0" timestamp="26 Sep 2019 12:03:53 GMT" time="0.007" errors="0">
  <testcase name="FirstTest" time="0.007" classname="autothon.webui.tests.DriverSuite"/>
</testsuite> <!-- autothon.webui.tests.DriverSuite -->
