<?xml version="1.0" encoding="UTF-8"?>
<!-- Generated by org.testng.reporters.JUnitReportReporter -->
<testsuite hostname="Divakarjoshi" name="autothon.webui.browserstack.tests.LocalTest" tests="1" failures="0" timestamp="27 Sep 2019 04:32:49 GMT" time="42.706" errors="0">
  <testcase name="test" time="42.706" classname="autothon.webui.browserstack.tests.LocalTest"/>
</testsuite> <!-- autothon.webui.browserstack.tests.LocalTest -->
